d:\c++\code\fmp\pwn3\debug\pwn3.pch
d:\c++\code\fmp\pwn3\debug\vc143.pdb
d:\c++\code\fmp\pwn3\debug\vc143.idb
d:\c++\code\fmp\pwn3\debug\pch.obj
d:\c++\code\fmp\pwn3\debug\orginalfunc.obj
d:\c++\code\fmp\pwn3\debug\mem.obj
d:\c++\code\fmp\pwn3\debug\hackfunc.obj
d:\c++\code\fmp\pwn3\debug\dllmain.obj
d:\c++\code\fmp\pwn3\debug\pwn3.obj
d:\c++\code\fmp\pwn3\debug\pwn3.dll
d:\c++\code\fmp\pwn3\debug\pwn3.ilk
d:\c++\code\fmp\pwn3\debug\pwn3.pdb
c:\users\haaris\documents\final luyang\pwn3\debug\pwn3.lib
c:\users\haaris\documents\final luyang\pwn3\debug\pwn3.exp
d:\c++\code\fmp\pwn3\debug\pwn3.lib
d:\c++\code\fmp\pwn3\debug\pwn3.exp
d:\c++\code\fmp\pwn3\debug\functions.obj
d:\c++\code\fmp\pwn3\debug\hook.obj
d:\c++\code\fmp\pwn3\debug\libgamelogic.obj
d:\c++\code\fmp\pwn3\debug\menu.obj
d:\c++\code\fmp\pwn3\debug\proc.obj
d:\c++\code\fmp\pwn3\debug\pwn3.tlog\cl.command.1.tlog
d:\c++\code\fmp\pwn3\debug\pwn3.tlog\cl.read.1.tlog
d:\c++\code\fmp\pwn3\debug\pwn3.tlog\cl.write.1.tlog
d:\c++\code\fmp\pwn3\debug\pwn3.tlog\link.command.1.tlog
d:\c++\code\fmp\pwn3\debug\pwn3.tlog\link.read.1.tlog
d:\c++\code\fmp\pwn3\debug\pwn3.tlog\link.write.1.tlog
d:\c++\code\fmp\pwn3\debug\pwn3.tlog\pwn3.write.1u.tlog
